2023-08-20 09:13:29,764 [Worker-2: Loading available Gradle versions] INFO  o.e.b.c.i.u.g.PublishedGradleVersions - Gradle version information cache is up-to-date. Trying to read.
2023-08-20 11:03:35,937 [Worker-1: Loading available Gradle versions] INFO  o.e.b.c.i.u.g.PublishedGradleVersions - Gradle version information cache is up-to-date. Trying to read.
2023-08-20 18:15:27,110 [Worker-3: Loading available Gradle versions] INFO  o.e.b.c.i.u.g.PublishedGradleVersions - Gradle version information cache is out-of-date. Trying to update.
2023-08-20 22:31:34,677 [Worker-2: Loading available Gradle versions] INFO  o.e.b.c.i.u.g.PublishedGradleVersions - Gradle version information cache is up-to-date. Trying to read.
2023-08-21 12:51:10,199 [Worker-2: Loading available Gradle versions] INFO  o.e.b.c.i.u.g.PublishedGradleVersions - Gradle version information cache is up-to-date. Trying to read.
2023-08-21 13:02:27,030 [Worker-3: Loading available Gradle versions] INFO  o.e.b.c.i.u.g.PublishedGradleVersions - Gradle version information cache is up-to-date. Trying to read.
2023-08-21 14:44:43,493 [Worker-8: Loading available Gradle versions] INFO  o.e.b.c.i.u.g.PublishedGradleVersions - Gradle version information cache is up-to-date. Trying to read.
2023-08-21 16:04:39,288 [Worker-1: Loading available Gradle versions] INFO  o.e.b.c.i.u.g.PublishedGradleVersions - Gradle version information cache is up-to-date. Trying to read.
2023-08-21 21:49:49,555 [Worker-4: Loading available Gradle versions] INFO  o.e.b.c.i.u.g.PublishedGradleVersions - Gradle version information cache is out-of-date. Trying to update.
2023-08-22 11:57:28,761 [Worker-3: Loading available Gradle versions] INFO  o.e.b.c.i.u.g.PublishedGradleVersions - Gradle version information cache is up-to-date. Trying to read.
2023-08-23 15:28:26,481 [Worker-8: Loading available Gradle versions] INFO  o.e.b.c.i.u.g.PublishedGradleVersions - Gradle version information cache is out-of-date. Trying to update.
2023-08-23 21:29:39,754 [Worker-4: Loading available Gradle versions] INFO  o.e.b.c.i.u.g.PublishedGradleVersions - Gradle version information cache is up-to-date. Trying to read.
2023-08-24 12:09:12,730 [Worker-3: Loading available Gradle versions] INFO  o.e.b.c.i.u.g.PublishedGradleVersions - Gradle version information cache is up-to-date. Trying to read.
2023-08-24 20:17:42,140 [Worker-5: Loading available Gradle versions] INFO  o.e.b.c.i.u.g.PublishedGradleVersions - Gradle version information cache is out-of-date. Trying to update.
2023-08-25 09:14:49,879 [Worker-9: Loading available Gradle versions] INFO  o.e.b.c.i.u.g.PublishedGradleVersions - Gradle version information cache is up-to-date. Trying to read.
2023-08-25 11:05:45,684 [Worker-2: Loading available Gradle versions] INFO  o.e.b.c.i.u.g.PublishedGradleVersions - Gradle version information cache is up-to-date. Trying to read.
2023-08-25 21:05:15,118 [Worker-5: Loading available Gradle versions] INFO  o.e.b.c.i.u.g.PublishedGradleVersions - Gradle version information cache is out-of-date. Trying to update.
2023-08-26 08:50:38,059 [Worker-5: Loading available Gradle versions] INFO  o.e.b.c.i.u.g.PublishedGradleVersions - Gradle version information cache is up-to-date. Trying to read.
2023-08-26 11:40:40,614 [Worker-3: Loading available Gradle versions] INFO  o.e.b.c.i.u.g.PublishedGradleVersions - Gradle version information cache is up-to-date. Trying to read.
2023-08-26 16:31:38,491 [Worker-3: Loading available Gradle versions] INFO  o.e.b.c.i.u.g.PublishedGradleVersions - Gradle version information cache is up-to-date. Trying to read.
2023-08-26 21:16:17,394 [Worker-2: Loading available Gradle versions] INFO  o.e.b.c.i.u.g.PublishedGradleVersions - Gradle version information cache is out-of-date. Trying to update.
2023-08-26 23:29:21,365 [Worker-3: Loading available Gradle versions] INFO  o.e.b.c.i.u.g.PublishedGradleVersions - Gradle version information cache is up-to-date. Trying to read.
2023-08-27 19:02:09,203 [Worker-4: Loading available Gradle versions] INFO  o.e.b.c.i.u.g.PublishedGradleVersions - Gradle version information cache is up-to-date. Trying to read.
2023-08-28 11:50:59,456 [Worker-3: Loading available Gradle versions] INFO  o.e.b.c.i.u.g.PublishedGradleVersions - Gradle version information cache is out-of-date. Trying to update.
2023-08-28 14:04:44,463 [Worker-6: Loading available Gradle versions] INFO  o.e.b.c.i.u.g.PublishedGradleVersions - Gradle version information cache is up-to-date. Trying to read.
2023-08-29 11:16:05,154 [Worker-3: Loading available Gradle versions] INFO  o.e.b.c.i.u.g.PublishedGradleVersions - Gradle version information cache is up-to-date. Trying to read.
2023-08-29 13:40:16,667 [Worker-0: Loading available Gradle versions] INFO  o.e.b.c.i.u.g.PublishedGradleVersions - Gradle version information cache is out-of-date. Trying to update.
2023-08-29 13:40:27,698 [Worker-0: Deferred Early Start] INFO  o.a.h.c.h.i.c.HttpRequestRetryExec - Recoverable I/O exception (java.net.SocketException) caught when processing request to {s}->https://www.eclipse.org:443
2023-08-29 13:41:01,042 [Worker-3: Loading available Gradle versions] INFO  o.e.b.c.i.u.g.PublishedGradleVersions - Gradle version information cache is up-to-date. Trying to read.
2023-08-29 16:13:36,784 [Worker-3: Loading available Gradle versions] INFO  o.e.b.c.i.u.g.PublishedGradleVersions - Gradle version information cache is up-to-date. Trying to read.
2023-08-29 21:29:24,580 [Worker-3: Loading available Gradle versions] INFO  o.e.b.c.i.u.g.PublishedGradleVersions - Gradle version information cache is up-to-date. Trying to read.
2023-08-30 16:16:00,505 [Worker-3: Loading available Gradle versions] INFO  o.e.b.c.i.u.g.PublishedGradleVersions - Gradle version information cache is out-of-date. Trying to update.
2023-08-30 20:07:14,057 [Worker-7: Loading available Gradle versions] INFO  o.e.b.c.i.u.g.PublishedGradleVersions - Gradle version information cache is up-to-date. Trying to read.
2023-08-31 14:58:50,652 [Worker-1: Loading available Gradle versions] INFO  o.e.b.c.i.u.g.PublishedGradleVersions - Gradle version information cache is up-to-date. Trying to read.
2023-08-31 20:19:24,205 [Worker-6: Loading available Gradle versions] INFO  o.e.b.c.i.u.g.PublishedGradleVersions - Gradle version information cache is out-of-date. Trying to update.
2023-09-01 11:44:30,619 [Worker-7: Loading available Gradle versions] INFO  o.e.b.c.i.u.g.PublishedGradleVersions - Gradle version information cache is up-to-date. Trying to read.
2023-09-02 12:02:35,051 [Worker-4: Loading available Gradle versions] INFO  o.e.b.c.i.u.g.PublishedGradleVersions - Gradle version information cache is out-of-date. Trying to update.
2023-09-02 12:51:49,935 [Worker-2: Loading available Gradle versions] INFO  o.e.b.c.i.u.g.PublishedGradleVersions - Gradle version information cache is up-to-date. Trying to read.
2023-09-02 20:26:49,407 [Worker-7: Loading available Gradle versions] INFO  o.e.b.c.i.u.g.PublishedGradleVersions - Gradle version information cache is up-to-date. Trying to read.
2023-09-03 11:22:34,163 [Worker-1: Loading available Gradle versions] INFO  o.e.b.c.i.u.g.PublishedGradleVersions - Gradle version information cache is up-to-date. Trying to read.
2023-09-03 17:52:48,915 [Worker-1: Loading available Gradle versions] INFO  o.e.b.c.i.u.g.PublishedGradleVersions - Gradle version information cache is out-of-date. Trying to update.
2023-09-04 15:01:18,403 [Worker-4: Loading available Gradle versions] INFO  o.e.b.c.i.u.g.PublishedGradleVersions - Gradle version information cache is up-to-date. Trying to read.
2023-09-05 11:13:56,246 [Worker-7: Loading available Gradle versions] INFO  o.e.b.c.i.u.g.PublishedGradleVersions - Gradle version information cache is out-of-date. Trying to update.
2023-09-06 12:10:46,412 [Worker-4: Loading available Gradle versions] INFO  o.e.b.c.i.u.g.PublishedGradleVersions - Gradle version information cache is out-of-date. Trying to update.
2023-09-08 11:37:08,888 [Worker-5: Loading available Gradle versions] INFO  o.e.b.c.i.u.g.PublishedGradleVersions - Gradle version information cache is up-to-date. Trying to read.
2023-09-09 09:32:53,457 [Worker-7: Loading available Gradle versions] INFO  o.e.b.c.i.u.g.PublishedGradleVersions - Gradle version information cache is out-of-date. Trying to update.
2023-09-09 11:37:39,504 [Worker-4: Loading available Gradle versions] INFO  o.e.b.c.i.u.g.PublishedGradleVersions - Gradle version information cache is up-to-date. Trying to read.
2023-09-09 12:38:13,960 [Worker-3: Loading available Gradle versions] INFO  o.e.b.c.i.u.g.PublishedGradleVersions - Gradle version information cache is up-to-date. Trying to read.
2023-09-09 13:02:41,786 [Worker-3: Loading available Gradle versions] INFO  o.e.b.c.i.u.g.PublishedGradleVersions - Gradle version information cache is up-to-date. Trying to read.
2023-09-10 10:32:16,243 [Worker-2: Loading available Gradle versions] INFO  o.e.b.c.i.u.g.PublishedGradleVersions - Gradle version information cache is out-of-date. Trying to update.
2023-09-11 20:06:49,431 [Worker-4: Loading available Gradle versions] INFO  o.e.b.c.i.u.g.PublishedGradleVersions - Gradle version information cache is out-of-date. Trying to update.
2023-09-11 21:50:08,952 [Worker-1: Loading available Gradle versions] INFO  o.e.b.c.i.u.g.PublishedGradleVersions - Gradle version information cache is up-to-date. Trying to read.
2023-09-11 22:21:09,467 [Worker-3: Loading available Gradle versions] INFO  o.e.b.c.i.u.g.PublishedGradleVersions - Gradle version information cache is up-to-date. Trying to read.
2023-09-12 09:34:18,856 [Worker-4: Loading available Gradle versions] INFO  o.e.b.c.i.u.g.PublishedGradleVersions - Gradle version information cache is up-to-date. Trying to read.
2023-09-13 14:19:22,540 [Worker-6: Loading available Gradle versions] INFO  o.e.b.c.i.u.g.PublishedGradleVersions - Gradle version information cache is out-of-date. Trying to update.
2023-09-13 15:01:57,662 [Worker-0: Loading available Gradle versions] INFO  o.e.b.c.i.u.g.PublishedGradleVersions - Gradle version information cache is up-to-date. Trying to read.
2023-09-13 21:23:26,650 [Worker-2: Loading available Gradle versions] INFO  o.e.b.c.i.u.g.PublishedGradleVersions - Gradle version information cache is up-to-date. Trying to read.
2023-09-13 21:51:55,371 [Worker-7: Loading available Gradle versions] INFO  o.e.b.c.i.u.g.PublishedGradleVersions - Gradle version information cache is up-to-date. Trying to read.
2023-09-13 22:28:46,085 [main] INFO  org.hibernate.cfg.Environment - Hibernate 3.5.6-Final
2023-09-13 22:28:46,446 [main] INFO  org.hibernate.cfg.Environment - hibernate.properties not found
2023-09-13 22:28:46,478 [main] INFO  org.hibernate.cfg.Environment - Bytecode provider name : javassist
2023-09-13 22:28:46,498 [main] INFO  org.hibernate.cfg.Environment - using JDK 1.4 java.sql.Timestamp handling
2023-09-13 22:36:12,178 [main] INFO  org.hibernate.cfg.Configuration - configuring from XML document
2023-09-13 22:36:12,180 [main] INFO  org.hibernate.cfg.Configuration - Configured SessionFactory: null
2023-09-13 22:36:15,094 [main] INFO  o.hibernate.cfg.annotations.Version - Hibernate Annotations 3.5.6-Final
2023-09-13 22:36:15,131 [main] INFO  org.hibernate.cfg.Configuration - configuring from XML document
2023-09-13 22:36:15,131 [main] INFO  org.hibernate.cfg.Configuration - Configured SessionFactory: null
2023-09-13 22:36:15,237 [main] INFO  o.h.cfg.AnnotationConfiguration - Hibernate Validator not found: ignoring
2023-09-13 22:36:18,246 [main] INFO  org.hibernate.cfg.Configuration - configuring from XML document
2023-09-13 22:36:18,247 [main] INFO  org.hibernate.cfg.Configuration - Configured SessionFactory: null
2023-09-13 22:36:18,249 [main] INFO  o.h.cfg.AnnotationConfiguration - Hibernate Validator not found: ignoring
2023-09-13 23:40:52,422 [main] INFO  org.hibernate.cfg.Configuration - configuring from XML document
2023-09-13 23:40:52,423 [main] INFO  org.hibernate.cfg.Configuration - Configured SessionFactory: null
2023-09-13 23:41:40,952 [main] INFO  org.hibernate.cfg.Configuration - configuring from XML document
2023-09-13 23:41:40,952 [main] INFO  org.hibernate.cfg.Configuration - Configured SessionFactory: null
2023-09-13 23:42:10,848 [main] INFO  org.hibernate.cfg.Configuration - configuring from XML document
2023-09-13 23:42:10,848 [main] INFO  org.hibernate.cfg.Configuration - Configured SessionFactory: null
2023-09-13 23:46:31,730 [main] INFO  org.hibernate.cfg.Configuration - configuring from XML document
2023-09-13 23:46:31,730 [main] INFO  org.hibernate.cfg.Configuration - Configured SessionFactory: null
2023-09-13 23:53:03,941 [main] INFO  org.hibernate.cfg.Configuration - configuring from XML document
2023-09-13 23:53:03,942 [main] INFO  org.hibernate.cfg.Configuration - Configured SessionFactory: null
2023-09-13 23:53:11,513 [main] INFO  org.hibernate.cfg.Configuration - configuring from XML document
2023-09-13 23:53:11,514 [main] INFO  org.hibernate.cfg.Configuration - Configured SessionFactory: null
2023-09-13 23:53:11,517 [main] INFO  o.h.cfg.AnnotationConfiguration - Hibernate Validator not found: ignoring
2023-09-13 23:53:13,949 [main] INFO  org.hibernate.cfg.Configuration - configuring from XML document
2023-09-13 23:53:13,952 [main] INFO  org.hibernate.cfg.Configuration - Configured SessionFactory: null
2023-09-13 23:53:13,954 [main] INFO  o.h.cfg.AnnotationConfiguration - Hibernate Validator not found: ignoring
2023-09-13 23:54:49,471 [main] INFO  org.hibernate.cfg.Configuration - configuring from XML document
2023-09-13 23:54:49,472 [main] INFO  org.hibernate.cfg.Configuration - Configured SessionFactory: null
2023-09-13 23:54:52,145 [main] INFO  org.hibernate.cfg.Configuration - configuring from XML document
2023-09-13 23:54:52,145 [main] INFO  org.hibernate.cfg.Configuration - Configured SessionFactory: null
2023-09-13 23:54:52,146 [main] INFO  o.h.cfg.AnnotationConfiguration - Hibernate Validator not found: ignoring
2023-09-13 23:55:33,501 [main] INFO  org.hibernate.cfg.Configuration - configuring from XML document
2023-09-13 23:55:33,502 [main] INFO  org.hibernate.cfg.Configuration - Configured SessionFactory: null
2023-09-13 23:55:35,597 [main] INFO  org.hibernate.cfg.Configuration - configuring from XML document
2023-09-13 23:55:35,598 [main] INFO  org.hibernate.cfg.Configuration - Configured SessionFactory: null
2023-09-13 23:55:35,598 [main] INFO  o.h.cfg.AnnotationConfiguration - Hibernate Validator not found: ignoring
2023-09-13 23:56:25,617 [main] INFO  org.hibernate.cfg.Configuration - configuring from XML document
2023-09-13 23:56:25,617 [main] INFO  org.hibernate.cfg.Configuration - Configured SessionFactory: null
2023-09-13 23:56:28,360 [main] INFO  org.hibernate.cfg.Configuration - configuring from XML document
2023-09-13 23:56:28,360 [main] INFO  org.hibernate.cfg.Configuration - Configured SessionFactory: null
2023-09-13 23:56:28,360 [main] INFO  o.h.cfg.AnnotationConfiguration - Hibernate Validator not found: ignoring
2023-09-13 23:56:30,918 [main] INFO  org.hibernate.cfg.Configuration - configuring from XML document
2023-09-13 23:56:30,919 [main] INFO  org.hibernate.cfg.Configuration - Configured SessionFactory: null
2023-09-13 23:56:30,919 [main] INFO  o.h.cfg.AnnotationConfiguration - Hibernate Validator not found: ignoring
2023-09-13 23:56:33,963 [main] INFO  org.hibernate.cfg.Configuration - configuring from XML document
2023-09-13 23:56:33,964 [main] INFO  org.hibernate.cfg.Configuration - Configured SessionFactory: null
2023-09-13 23:56:33,965 [main] INFO  o.h.cfg.AnnotationConfiguration - Hibernate Validator not found: ignoring
2023-09-13 23:58:25,075 [main] INFO  org.hibernate.cfg.Configuration - configuring from XML document
2023-09-13 23:58:25,076 [main] INFO  org.hibernate.cfg.Configuration - Configured SessionFactory: null
2023-09-13 23:58:32,906 [main] INFO  org.hibernate.cfg.Configuration - configuring from XML document
2023-09-13 23:58:32,907 [main] INFO  org.hibernate.cfg.Configuration - Configured SessionFactory: null
2023-09-13 23:58:32,908 [main] INFO  o.h.cfg.AnnotationConfiguration - Hibernate Validator not found: ignoring
2023-09-13 23:58:35,928 [main] INFO  org.hibernate.cfg.Configuration - configuring from XML document
2023-09-13 23:58:35,928 [main] INFO  org.hibernate.cfg.Configuration - Configured SessionFactory: null
2023-09-13 23:58:35,929 [main] INFO  o.h.cfg.AnnotationConfiguration - Hibernate Validator not found: ignoring
2023-09-14 00:03:23,805 [main] INFO  org.hibernate.cfg.Configuration - configuring from XML document
2023-09-14 00:03:23,805 [main] INFO  org.hibernate.cfg.Configuration - Configured SessionFactory: null
2023-09-14 00:03:26,030 [main] INFO  org.hibernate.cfg.Configuration - configuring from XML document
2023-09-14 00:03:26,031 [main] INFO  org.hibernate.cfg.Configuration - Configured SessionFactory: null
2023-09-14 00:03:26,031 [main] INFO  o.h.cfg.AnnotationConfiguration - Hibernate Validator not found: ignoring
2023-09-14 00:03:28,135 [main] INFO  org.hibernate.cfg.Configuration - configuring from XML document
2023-09-14 00:03:28,163 [main] INFO  org.hibernate.cfg.Configuration - Configured SessionFactory: null
2023-09-14 00:03:28,164 [main] INFO  o.h.cfg.AnnotationConfiguration - Hibernate Validator not found: ignoring
2023-09-14 09:28:44,361 [Worker-4: Loading available Gradle versions] INFO  o.e.b.c.i.u.g.PublishedGradleVersions - Gradle version information cache is up-to-date. Trying to read.
2023-09-14 11:57:18,457 [Worker-3: Loading available Gradle versions] INFO  o.e.b.c.i.u.g.PublishedGradleVersions - Gradle version information cache is up-to-date. Trying to read.
2023-09-15 12:24:56,390 [Worker-7: Loading available Gradle versions] INFO  o.e.b.c.i.u.g.PublishedGradleVersions - Gradle version information cache is out-of-date. Trying to update.
2023-09-15 21:52:34,801 [Worker-3: Loading available Gradle versions] INFO  o.e.b.c.i.u.g.PublishedGradleVersions - Gradle version information cache is up-to-date. Trying to read.
2023-09-15 21:59:00,599 [Worker-21: Downloading sources for javax.persistence-api-2.2.jar] INFO  o.e.m.c.i.e.AbstractTransferListenerAdapter - Downloading https://repo.maven.apache.org/maven2/javax/persistence/javax.persistence-api/2.2/javax.persistence-api-2.2-sources.jar
2023-09-15 21:59:03,024 [Worker-21: Downloading sources for javax.persistence-api-2.2.jar] INFO  o.e.m.c.i.e.AbstractTransferListenerAdapter - Downloaded https://repo.maven.apache.org/maven2/javax/persistence/javax.persistence-api/2.2/javax.persistence-api-2.2-sources.jar
2023-09-16 11:07:27,369 [Worker-3: Loading available Gradle versions] INFO  o.e.b.c.i.u.g.PublishedGradleVersions - Gradle version information cache is up-to-date. Trying to read.
2023-09-17 22:13:39,863 [Worker-3: Loading available Gradle versions] INFO  o.e.b.c.i.u.g.PublishedGradleVersions - Gradle version information cache is up-to-date. Trying to read.
2023-09-18 11:36:32,058 [Worker-1: Loading available Gradle versions] INFO  o.e.b.c.i.u.g.PublishedGradleVersions - Gradle version information cache is up-to-date. Trying to read.
